#
# A fatal error has been detected by the Java Runtime Environment:
#
#  Internal Error (javaClasses.cpp:129), pid=13288, tid=15036
#  fatal error: Invalid layout of preloaded class
#
# JRE version: 7.0_10-b18
# Java VM: Java HotSpot(TM) Client VM (23.6-b04 mixed mode windows-x86 )
# Failed to write core dump. Minidumps are not enabled by default on client versions of Windows
#
# If you would like to submit a bug report, please visit:
#   http://bugreport.sun.com/bugreport/crash.jsp
#

---------------  T H R E A D  ---------------

Current thread (0x0096ac00):  JavaThread "Unknown thread" [_thread_in_vm, id=15036, stack(0x00890000,0x008e0000)]

Stack: [0x00890000,0x008e0000],  sp=0x008df490,  free space=317k
Native frames: (J=compiled Java code, j=interpreted, Vv=VM code, C=native code)
V  [jvm.dll+0x16f311]
V  [jvm.dll+0x1694c6]
V  [jvm.dll+0x2082f]
V  [jvm.dll+0x208b6]
V  [jvm.dll+0x2e64d]
V  [jvm.dll+0x2e8f9]
V  [jvm.dll+0x77d01]
V  [jvm.dll+0x780bb]
V  [jvm.dll+0x129101]
V  [jvm.dll+0x149baa]
V  [jvm.dll+0xa997f]
C  [javaw.exe+0x13ca]
C  [javaw.exe+0x1e3c]
C  [javaw.exe+0xa5e3]
C  [javaw.exe+0xa66d]
C  [kernel32.dll+0x133aa]  BaseThreadInitThunk+0x12
C  [ntdll.dll+0x39ef2]  RtlInitializeExceptionChain+0x63
C  [ntdll.dll+0x39ec5]  RtlInitializeExceptionChain+0x36


---------------  P R O C E S S  ---------------

Java Threads: ( => current thread )

Other Threads:

=>0x0096ac00 (exited) JavaThread "Unknown thread" [_thread_in_vm, id=15036, stack(0x00890000,0x008e0000)]

VM state:not at safepoint (not fully initialized)

VM Mutex/Monitor currently owned by a thread: None

GC Heap History (0 events):
No events

Deoptimization events (0 events):
No events

Internal exceptions (0 events):
No events

Events (10 events):
Event: 0.053 loading class 0x00a4c520
Event: 0.054 loading class 0x00a4c520 done
Event: 0.054 loading class 0x00a4c570
Event: 0.054 loading class 0x00a4d910
Event: 0.054 loading class 0x00a4d910 done
Event: 0.054 loading class 0x00a72740
Event: 0.054 loading class 0x00a72740 done
Event: 0.054 loading class 0x00a4c570 done
Event: 0.054 loading class 0x00a4c548
Event: 0.054 loading class 0x00a4c548 done


Dynamic libraries:
0x01200000 - 0x0122f000 	C:\Program Files (x86)\Java\jre7\bin\javaw.exe
0x77740000 - 0x778c0000 	C:\Windows\SysWOW64\ntdll.dll
0x76870000 - 0x76980000 	C:\Windows\syswow64\kernel32.dll
0x75650000 - 0x75697000 	C:\Windows\syswow64\KERNELBASE.dll
0x767d0000 - 0x76870000 	C:\Windows\syswow64\ADVAPI32.dll
0x75270000 - 0x7531c000 	C:\Windows\syswow64\msvcrt.dll
0x75330000 - 0x75349000 	C:\Windows\SysWOW64\sechost.dll
0x76b60000 - 0x76c50000 	C:\Windows\syswow64\RPCRT4.dll
0x74e20000 - 0x74e80000 	C:\Windows\syswow64\SspiCli.dll
0x74e10000 - 0x74e1c000 	C:\Windows\syswow64\CRYPTBASE.dll
0x75740000 - 0x75840000 	C:\Windows\syswow64\USER32.dll
0x75af0000 - 0x75b80000 	C:\Windows\syswow64\GDI32.dll
0x75880000 - 0x7588a000 	C:\Windows\syswow64\LPK.dll
0x756a0000 - 0x7573d000 	C:\Windows\syswow64\USP10.dll
0x73c00000 - 0x73d9e000 	C:\Windows\WinSxS\x86_microsoft.windows.common-controls_6595b64144ccf1df_6.0.7601.17514_none_41e6975e2bd6f2b2\COMCTL32.dll
0x76e20000 - 0x76e77000 	C:\Windows\syswow64\SHLWAPI.dll
0x74f10000 - 0x74f70000 	C:\Windows\system32\IMM32.DLL
0x751a0000 - 0x7526c000 	C:\Windows\syswow64\MSCTF.dll
0x5ded0000 - 0x5df8d000 	C:\Program Files (x86)\Java\jre7\bin\msvcr100.dll
0x5a260000 - 0x5a5ac000 	C:\Program Files (x86)\Java\jre7\bin\client\jvm.dll
0x73270000 - 0x73277000 	C:\Windows\system32\WSOCK32.dll
0x75840000 - 0x75875000 	C:\Windows\syswow64\WS2_32.dll
0x77710000 - 0x77716000 	C:\Windows\syswow64\NSI.dll
0x73f30000 - 0x73f62000 	C:\Windows\system32\WINMM.dll
0x758c0000 - 0x758c5000 	C:\Windows\syswow64\PSAPI.DLL
0x73050000 - 0x7305c000 	C:\Program Files (x86)\Java\jre7\bin\verify.dll
0x70b40000 - 0x70b60000 	C:\Program Files (x86)\Java\jre7\bin\java.dll
0x70b20000 - 0x70b33000 	C:\Program Files (x86)\Java\jre7\bin\zip.dll
0x74010000 - 0x740fb000 	C:\Windows\system32\dbghelp.dll

VM Arguments:
jvm_args: -Dfile.encoding=Cp1252 -Xbootclasspath:C:\Program Files (x86)\leJOS NXJ\lib\nxt\classes.jar 
java_command: com.josh.lejos.Calculator
Launcher Type: SUN_STANDARD

Environment Variables:
PATH=C:/Program Files (x86)/Java/jre7/bin/client;C:/Program Files (x86)/Java/jre7/bin;C:/Program Files (x86)/Java/jre7/lib/i386;C:\Program Files\Common Files\Microsoft Shared\Windows Live;C:\Windows\system32;C:\Windows;C:\Windows\System32\Wbem;C:\Windows\System32\WindowsPowerShell\v1.0\;c:\Program Files (x86)\ATI Technologies\ATI.ACE\Core-Static;C:\VXIPNP\WinNT\Bin;C:\Program Files (x86)\leJOS NXJ\bin;C:\Program Files (x86)\Eclipse-JNXT32bit\eclipse;
USERNAME=Evolution Chamber
OS=Windows_NT
PROCESSOR_IDENTIFIER=Intel64 Family 6 Model 26 Stepping 5, GenuineIntel



---------------  S Y S T E M  ---------------

OS: Windows 7 , 64 bit Build 7601 Service Pack 1

CPU:total 8 (4 cores per cpu, 2 threads per core) family 6 model 26 stepping 5, cmov, cx8, fxsr, mmx, sse, sse2, sse3, ssse3, sse4.1, sse4.2, popcnt, ht, tsc, tscinvbit, tscinv

Memory: 4k page, physical 12573620k(9001448k free), swap 25145384k(20805236k free)

vm_info: Java HotSpot(TM) Client VM (23.6-b04) for windows-x86 JRE (1.7.0_10-b18), built on Nov 28 2012 08:34:29 by "java_re" with unknown MS VC++:1600

time: Sat Mar 23 12:30:40 2013
elapsed time: 0 seconds

